<?xml version="1.0" encoding="UTF-8"?>
<!-- Generated by org.testng.reporters.JUnitReportReporter -->
<testsuite hostname="Dell-PC" failures="0" tests="4" name="com.testscripts.TestTittle" time="67.760" errors="0" timestamp="2023-07-04T11:30:42 NPT" skipped="1">
  <testcase classname="com.testscripts.TestTittle" name="testTitle" time="9.113"/>
  <system-out/>
  <testcase classname="com.testscripts.TestTittle" name="Ticket" time="13.670"/>
  <system-out>
The Ticket1688449537599  </system-out>
  <testcase classname="com.testscripts.TestTittle" name="Ticket" time="21.124">
    <skipped/>
  </testcase> <!-- Ticket -->
  <system-out/>
  <testcase classname="com.testscripts.TestTittle" name="testNavigation" time="23.853"/>
  <system-out>
the link is not opened in new tab  </system-out>
</testsuite> <!-- com.testscripts.TestTittle -->
