<?xml version="1.0" encoding="UTF-8"?>
<!-- Generated by org.testng.reporters.JUnitReportReporter -->
<testsuite hostname="Dell-PC" failures="0" tests="1" name="com.testscripts.TestTittle" time="4.533" errors="0" timestamp="2023-07-03T11:49:37 NPT" skipped="0">
  <testcase classname="com.testscripts.TestTittle" name="testTitle" time="4.533"/>
  <system-out/>
</testsuite> <!-- com.testscripts.TestTittle -->
